2019-10-17 23:09:32,785  INFO [main] WebEventListener:24 - Browser Launched Successfully
2019-10-17 23:09:32,917  INFO [main] LoginPage:33 - Login Page Title Verified
2019-10-17 23:09:39,898  INFO [main] HomePage:40 - Successfully Logged into CRM Application
2019-10-17 23:09:39,912  INFO [main] HomePage:49 - User is on Home Page
2019-10-17 23:09:49,406  INFO [main] WebEventListener:24 - Browser Launched Successfully
2019-10-17 23:09:49,428  INFO [main] LoginPage:33 - Login Page Title Verified
2019-10-17 23:09:56,777  INFO [main] HomePage:40 - Successfully Logged into CRM Application
2019-10-17 23:09:56,784  INFO [main] HomePage:49 - User is on Home Page
2019-10-17 23:10:07,337  INFO [main] WebEventListener:24 - Browser Launched Successfully
2019-10-17 23:10:07,353  INFO [main] LoginPage:33 - Login Page Title Verified
2019-10-17 23:10:12,388  INFO [main] HomePage:40 - Successfully Logged into CRM Application
2019-10-17 23:10:12,402  INFO [main] HomePage:49 - User is on Home Page
2019-10-17 23:10:12,706 DEBUG [main] cache:45 - Couldn't find template in cache for "Extent.ftl"("en_IN", UTF-8, parsed); will try to load it.
2019-10-17 23:10:12,708 DEBUG [main] cache:45 - TemplateLoader.findTemplateSource("Extent_en_IN.ftl"): Not found
2019-10-17 23:10:12,710 DEBUG [main] cache:45 - TemplateLoader.findTemplateSource("Extent_en.ftl"): Not found
2019-10-17 23:10:12,712 DEBUG [main] cache:45 - TemplateLoader.findTemplateSource("Extent.ftl"): Found
2019-10-17 23:10:12,715 DEBUG [main] cache:45 - Loading template for "Extent.ftl"("en_IN", UTF-8, parsed) from "jar:file:/C:/Users/Admin/.m2/repository/com/relevantcodes/extentreports/2.41.2/extentreports-2.41.2.jar!/com/relevantcodes/extentreports/view/Extent.ftl"
2019-10-17 23:10:13,159 DEBUG [main] cache:45 - Couldn't find template in cache for "Extent.ftl"("en_IN", UTF-8, parsed); will try to load it.
2019-10-17 23:10:13,159 DEBUG [main] cache:45 - TemplateLoader.findTemplateSource("Extent_en_IN.ftl"): Not found
2019-10-17 23:10:13,160 DEBUG [main] cache:45 - TemplateLoader.findTemplateSource("Extent_en.ftl"): Not found
2019-10-17 23:10:13,160 DEBUG [main] cache:45 - TemplateLoader.findTemplateSource("Extent.ftl"): Found
2019-10-17 23:10:13,161 DEBUG [main] cache:45 - Loading template for "Extent.ftl"("en_IN", UTF-8, parsed) from "jar:file:/C:/Users/Admin/.m2/repository/com/relevantcodes/extentreports/2.41.2/extentreports-2.41.2.jar!/com/relevantcodes/extentreports/view/Extent.ftl"
